<?xml version="1.0" encoding="UTF-8"?>
<testsuite xmlns:xsi="http://www.w3.org/2001/XMLSchema-instance" xsi:noNamespaceSchemaLocation="https://maven.apache.org/surefire/maven-surefire-plugin/xsd/surefire-test-report-3.0.xsd" version="3.0" name="TestSuite" time="39.534" tests="2" errors="0" skipped="0" failures="2">
  <properties>
[...]
</properties>
  <testcase name="should_verify_qr_code_and_download_app_section" classname="tests.DashboardPageTests" time="11.661">
    <failure message="no such element: Unable to locate element: {&quot;method&quot;:&quot;xpath&quot;,&quot;selector&quot;:&quot;//div[@class=&apos;notifications&apos;]//p[.=&apos;Zalogowano poprawnie.&apos;]&quot;}&#10;  (Session info: chrome=78.0.3904.70)&#10;For documentation on this error, please visit: http://seleniumhq.org/exceptions/no_such_element.html&#10;Build info: version: &apos;3.141.5&apos;, revision: &apos;d54ebd709a&apos;, time: &apos;2018-11-06T11:42:16&apos;&#10;System info: host: &apos;ITAXI12&apos;, ip: &apos;10.0.0.79&apos;, os.name: &apos;Windows 10&apos;, os.arch: &apos;amd64&apos;, os.version: &apos;10.0&apos;, java.version: &apos;1.8.0_191&apos;&#10;Driver info: org.openqa.selenium.chrome.ChromeDriver&#10;Capabilities {acceptInsecureCerts: false, browserName: chrome, browserVersion: 78.0.3904.70, chrome: {chromedriverVersion: 78.0.3904.70 (edb9c9f3de024..., userDataDir: C:\Users\user\AppData\Local...}, goog:chromeOptions: {debuggerAddress: localhost:50802}, javascriptEnabled: true, networkConnectionEnabled: false, pageLoadStrategy: normal, platform: XP, platformName: XP, proxy: Proxy(), setWindowRect: true, strictFileInteractability: false, timeouts: {implicit: 0, pageLoad: 300000, script: 30000}, unhandledPromptBehavior: dismiss and notify}&#10;Session ID: a9f3ffb34aa4bb13097e9fdcbc5f55ab&#10;*** Element info: {Using=xpath, value=//div[@class=&apos;notifications&apos;]//p[.=&apos;Zalogowano poprawnie.&apos;]}" type="org.openqa.selenium.NoSuchElementException">org.openqa.selenium.NoSuchElementException: 
no such element: Unable to locate element: {"method":"xpath","selector":"//div[@class='notifications']//p[.='Zalogowano poprawnie.']"}
  (Session info: chrome=78.0.3904.70)
For documentation on this error, please visit: http://seleniumhq.org/exceptions/no_such_element.html
Build info: version: '3.141.5', revision: 'd54ebd709a', time: '2018-11-06T11:42:16'
System info: host: 'ITAXI12', ip: '10.0.0.79', os.name: 'Windows 10', os.arch: 'amd64', os.version: '10.0', java.version: '1.8.0_191'
Driver info: org.openqa.selenium.chrome.ChromeDriver
Capabilities {acceptInsecureCerts: false, browserName: chrome, browserVersion: 78.0.3904.70, chrome: {chromedriverVersion: 78.0.3904.70 (edb9c9f3de024..., userDataDir: C:\Users\user\AppData\Local...}, goog:chromeOptions: {debuggerAddress: localhost:50802}, javascriptEnabled: true, networkConnectionEnabled: false, pageLoadStrategy: normal, platform: XP, platformName: XP, proxy: Proxy(), setWindowRect: true, strictFileInteractability: false, timeouts: {implicit: 0, pageLoad: 300000, script: 30000}, unhandledPromptBehavior: dismiss and notify}
Session ID: a9f3ffb34aa4bb13097e9fdcbc5f55ab
*** Element info: {Using=xpath, value=//div[@class='notifications']//p[.='Zalogowano poprawnie.']}
	at tests.DashboardPageTests.should_verify_qr_code_and_download_app_section(DashboardPageTests.java:17)
</failure>
    <system-out><![CDATA[[TestNGContentHandler] [WARN] It is strongly recommended to add "<!DOCTYPE suite SYSTEM "http://testng.org/testng-1.0.dtd" >" at the top of your file, otherwise TestNG may fail or not work as expected.
13:37:37.857 [TestNG-test=OrderTests-1] DEBUG io.github.bonigarcia.wdm.Preferences - Preference found chrome78=78.0.3904.70 (valid until 2019-10-26 10:38:08)
13:37:37.861 [TestNG-test=OrderTests-1] INFO io.github.bonigarcia.wdm.WebDriverManager - Using chromedriver 78.0.3904.70 (since Google Chrome 78 is installed in your machine)
13:37:37.894 [TestNG-test=OrderTests-1] DEBUG io.github.bonigarcia.wdm.WebDriverManager - Driver chromedriver 78.0.3904.70 found in cache
13:37:37.896 [TestNG-test=OrderTests-1] INFO io.github.bonigarcia.wdm.WebDriverManager - Exporting webdriver.chrome.driver as C:\Users\user\.m2\repository\webdriver\chromedriver\win32\78.0.3904.70\chromedriver.exe
13:37:38.074 [TestNG-test=OrderTests-2] DEBUG io.github.bonigarcia.wdm.Preferences - Preference found chrome78=78.0.3904.70 (valid until 2019-10-26 10:38:08)
13:37:38.075 [TestNG-test=OrderTests-2] INFO io.github.bonigarcia.wdm.WebDriverManager - Using chromedriver 78.0.3904.70 (since Google Chrome 78 is installed in your machine)
13:37:38.088 [TestNG-test=OrderTests-2] DEBUG io.github.bonigarcia.wdm.WebDriverManager - Driver chromedriver 78.0.3904.70 found in cache
13:37:38.089 [TestNG-test=OrderTests-2] INFO io.github.bonigarcia.wdm.WebDriverManager - Exporting webdriver.chrome.driver as C:\Users\user\.m2\repository\webdriver\chromedriver\win32\78.0.3904.70\chromedriver.exe
13:37:38.933 [Finalizer] DEBUG org.apache.http.impl.conn.PoolingHttpClientConnectionManager - Connection manager is shutting down
13:37:38.933 [Finalizer] DEBUG org.apache.http.impl.conn.PoolingHttpClientConnectionManager - Connection manager shut down
]]></system-out>
    <system-err><![CDATA[Starting ChromeDriver 78.0.3904.70 (edb9c9f3de0247fd912a77b7f6cae7447f6d3ad5-refs/branch-heads/3904@{#800}) on port 12078
Only local connections are allowed.
Please protect ports used by ChromeDriver and related test frameworks to prevent access by malicious code.
Starting ChromeDriver 78.0.3904.70 (edb9c9f3de0247fd912a77b7f6cae7447f6d3ad5-refs/branch-heads/3904@{#800}) on port 12079
Only local connections are allowed.
Please protect ports used by ChromeDriver and related test frameworks to prevent access by malicious code.
[1572003462.056][WARNING]: Timed out connecting to Chrome, retrying...
[1572003462.058][WARNING]: Timed out connecting to Chrome, retrying...
paź 25, 2019 1:37:44 PM org.openqa.selenium.remote.ProtocolHandshake createSession
INFO: Detected dialect: W3C
paź 25, 2019 1:37:44 PM org.openqa.selenium.remote.ProtocolHandshake createSession
INFO: Detected dialect: W3C
[1572003466.152][WARNING]: Timed out connecting to Chrome, retrying...
[1572003466.159][WARNING]: Timed out connecting to Chrome, retrying...
]]></system-err>
  </testcase>
  <testcase name="should_order_taxi" classname="tests.OrderForEmployeePageTests" time="21.65">
    <failure message="no such element: Unable to locate element: {&quot;method&quot;:&quot;xpath&quot;,&quot;selector&quot;:&quot;//div[@class=&apos;notifications&apos;]//p[.=&apos;Zalogowano poprawnie.&apos;]&quot;}&#10;  (Session info: chrome=78.0.3904.70)&#10;For documentation on this error, please visit: http://seleniumhq.org/exceptions/no_such_element.html&#10;Build info: version: &apos;3.141.5&apos;, revision: &apos;d54ebd709a&apos;, time: &apos;2018-11-06T11:42:16&apos;&#10;System info: host: &apos;ITAXI12&apos;, ip: &apos;10.0.0.79&apos;, os.name: &apos;Windows 10&apos;, os.arch: &apos;amd64&apos;, os.version: &apos;10.0&apos;, java.version: &apos;1.8.0_191&apos;&#10;Driver info: org.openqa.selenium.chrome.ChromeDriver&#10;Capabilities {acceptInsecureCerts: false, browserName: chrome, browserVersion: 78.0.3904.70, chrome: {chromedriverVersion: 78.0.3904.70 (edb9c9f3de024..., userDataDir: C:\Users\user\AppData\Local...}, goog:chromeOptions: {debuggerAddress: localhost:50802}, javascriptEnabled: true, networkConnectionEnabled: false, pageLoadStrategy: normal, platform: XP, platformName: XP, proxy: Proxy(), setWindowRect: true, strictFileInteractability: false, timeouts: {implicit: 0, pageLoad: 300000, script: 30000}, unhandledPromptBehavior: dismiss and notify}&#10;Session ID: a9f3ffb34aa4bb13097e9fdcbc5f55ab&#10;*** Element info: {Using=xpath, value=//div[@class=&apos;notifications&apos;]//p[.=&apos;Zalogowano poprawnie.&apos;]}" type="org.openqa.selenium.NoSuchElementException">org.openqa.selenium.NoSuchElementException: 
no such element: Unable to locate element: {"method":"xpath","selector":"//div[@class='notifications']//p[.='Zalogowano poprawnie.']"}
  (Session info: chrome=78.0.3904.70)
For documentation on this error, please visit: http://seleniumhq.org/exceptions/no_such_element.html
Build info: version: '3.141.5', revision: 'd54ebd709a', time: '2018-11-06T11:42:16'
System info: host: 'ITAXI12', ip: '10.0.0.79', os.name: 'Windows 10', os.arch: 'amd64', os.version: '10.0', java.version: '1.8.0_191'
Driver info: org.openqa.selenium.chrome.ChromeDriver
Capabilities {acceptInsecureCerts: false, browserName: chrome, browserVersion: 78.0.3904.70, chrome: {chromedriverVersion: 78.0.3904.70 (edb9c9f3de024..., userDataDir: C:\Users\user\AppData\Local...}, goog:chromeOptions: {debuggerAddress: localhost:50802}, javascriptEnabled: true, networkConnectionEnabled: false, pageLoadStrategy: normal, platform: XP, platformName: XP, proxy: Proxy(), setWindowRect: true, strictFileInteractability: false, timeouts: {implicit: 0, pageLoad: 300000, script: 30000}, unhandledPromptBehavior: dismiss and notify}
Session ID: a9f3ffb34aa4bb13097e9fdcbc5f55ab
*** Element info: {Using=xpath, value=//div[@class='notifications']//p[.='Zalogowano poprawnie.']}
	at tests.OrderForEmployeePageTests.should_order_taxi(OrderForEmployeePageTests.java:13)
</failure>
  </testcase>
</testsuite>